Fetching market data @ 2021-07-22T07:40:09-05:00 ...

Order has taker fees, payable in TAKER asset: WETH
Order has taker fees, payable in TAKER asset: WETH
Order has taker fees, payable in TAKER asset: WETH
Order has taker fees, payable in TAKER asset: WETH
Order has taker fees, payable in TAKER asset: WETH
Order has taker fees, payable in TAKER asset: WETH
Order has taker fees, payable in TAKER asset: WETH
Order has taker fees, payable in TAKER asset: WETH
Order has taker fees, payable in TAKER asset: WETH
SKIP order taker asset left less than 0.01
SKIP order taker asset left less than 0.01
SKIP order taker asset left less than 0.01
SKIP order taker asset left less than 0.01
Order taker asset remaining: 126.68818686982791077
SKIP order taker asset left less than 0.01
SKIP order taker asset left less than 0.01
Order taker asset remaining: 131.586715500532939247
Order taker asset remaining: 3411.532065033257890974
Order has taker fees, payable in TAKER asset: WETH
Order has taker fees, payable in TAKER asset: WETH
Order has taker fees, payable in TAKER asset: DAI
Order has taker fees, payable in TAKER asset: DAI
Order has taker fees, payable in TAKER asset: DAI
Order has taker fees, payable in TAKER asset: DAI
Order has taker fees, payable in TAKER asset: DAI
Order has taker fees, payable in TAKER asset: WETH
Order has taker fees, payable in TAKER asset: DAI
Order has taker fees, payable in TAKER asset: DAI
Order has taker fees, payable in TAKER asset: DAI
Order has taker fees, payable in TAKER asset: DAI
Order has taker fees, payable in TAKER asset: DAI
Order has taker fees, payable in TAKER asset: DAI
Order has taker fees, payable in TAKER asset: DAI
Order has taker fees, payable in TAKER asset: DAI
Order has taker fees, payable in TAKER asset: DAI
Order has taker fees, payable in TAKER asset: DAI
Order has taker fees, payable in TAKER asset: DAI
SKIP order taker asset left less than 0.01
Order has taker fees, payable in TAKER asset: USDC
Order has taker fees, payable in TAKER asset: USDC
Order has taker fees, payable in TAKER asset: USDC
Order has taker fees, payable in TAKER asset: USDC
Order has taker fees, payable in TAKER asset: USDC
Order has taker fees, payable in TAKER asset: USDC
Order has taker fees, payable in TAKER asset: USDC
Order has taker fees, payable in TAKER asset: USDC
Order has taker fees, payable in TAKER asset: USDC
Order has taker fees, payable in TAKER asset: USDC
Order has taker fees, payable in TAKER asset: USDC
Order has taker fees, payable in TAKER asset: USDC
Order has taker fees, payable in TAKER asset: USDC
Order has taker fees, payable in TAKER asset: USDC
Order has taker fees, payable in TAKER asset: USDC
Order has taker fees, payable in TAKER asset: USDC
Order has taker fees, payable in TAKER asset: USDC
Order has taker fees, payable in TAKER asset: USDC
Order has taker fees, payable in TAKER asset: USDC
Order has taker fees, payable in TAKER asset: USDC
Order taker asset remaining: 0.028523639154488458
Order has taker fees, payable in TAKER asset: WETH
Order has taker fees, payable in TAKER asset: WETH
Fetching market data @ 2021-07-22T07:40:12-05:00 ...

Fetching market data @ 2021-07-22T07:40:15-05:00 ...

Fetching market data @ 2021-07-22T07:40:18-05:00 ...

Fetching market data @ 2021-07-22T07:40:21-05:00 ...

Fetching market data @ 2021-07-22T07:40:24-05:00 ...

Fetching market data @ 2021-07-22T07:40:27-05:00 ...

Fetching market data @ 2021-07-22T07:40:30-05:00 ...

Fetching market data @ 2021-07-22T07:40:33-05:00 ...

Fetching market data @ 2021-07-22T07:40:36-05:00 ...

Fetching market data @ 2021-07-22T07:40:39-05:00 ...

Fetching market data @ 2021-07-22T07:40:42-05:00 ...

Fetching market data @ 2021-07-22T07:40:45-05:00 ...

Fetching market data @ 2021-07-22T07:40:48-05:00 ...

Fetching market data @ 2021-07-22T07:40:51-05:00 ...

Fetching market data @ 2021-07-22T07:40:54-05:00 ...

Fetching market data @ 2021-07-22T07:40:57-05:00 ...

Fetching market data @ 2021-07-22T07:41:00-05:00 ...

Fetching market data @ 2021-07-22T07:41:03-05:00 ...

Fetching market data @ 2021-07-22T07:41:06-05:00 ...

Fetching market data @ 2021-07-22T07:41:09-05:00 ...

Fetching market data @ 2021-07-22T07:41:12-05:00 ...

Fetching market data @ 2021-07-22T07:41:15-05:00 ...

Fetching market data @ 2021-07-22T07:41:18-05:00 ...

Fetching market data @ 2021-07-22T07:41:21-05:00 ...

Fetching market data @ 2021-07-22T07:41:24-05:00 ...

Fetching market data @ 2021-07-22T07:41:27-05:00 ...

Fetching market data @ 2021-07-22T07:41:30-05:00 ...

Fetching market data @ 2021-07-22T07:41:33-05:00 ...

Fetching market data @ 2021-07-22T07:41:36-05:00 ...

Fetching market data @ 2021-07-22T07:41:39-05:00 ...

Fetching market data @ 2021-07-22T07:41:42-05:00 ...

Fetching market data @ 2021-07-22T07:41:45-05:00 ...

Fetching market data @ 2021-07-22T07:41:48-05:00 ...

Fetching market data @ 2021-07-22T07:41:51-05:00 ...

Fetching market data @ 2021-07-22T07:41:54-05:00 ...

Fetching market data @ 2021-07-22T07:41:57-05:00 ...

Fetching market data @ 2021-07-22T07:42:00-05:00 ...

Fetching market data @ 2021-07-22T07:42:03-05:00 ...

Fetching market data @ 2021-07-22T07:42:06-05:00 ...

Fetching market data @ 2021-07-22T07:42:09-05:00 ...

Fetching market data @ 2021-07-22T07:42:12-05:00 ...

Fetching market data @ 2021-07-22T07:42:15-05:00 ...

Fetching market data @ 2021-07-22T07:42:18-05:00 ...

Fetching market data @ 2021-07-22T07:42:21-05:00 ...

Fetching market data @ 2021-07-22T07:42:24-05:00 ...

Fetching market data @ 2021-07-22T07:42:27-05:00 ...

Fetching market data @ 2021-07-22T07:42:30-05:00 ...

Fetching market data @ 2021-07-22T07:42:33-05:00 ...

Fetching market data @ 2021-07-22T07:42:36-05:00 ...

Fetching market data @ 2021-07-22T07:42:39-05:00 ...

Fetching market data @ 2021-07-22T07:42:42-05:00 ...

Fetching market data @ 2021-07-22T07:42:45-05:00 ...

Fetching market data @ 2021-07-22T07:42:48-05:00 ...

Fetching market data @ 2021-07-22T07:42:51-05:00 ...

Fetching market data @ 2021-07-22T07:42:54-05:00 ...

Fetching market data @ 2021-07-22T07:42:57-05:00 ...

Fetching market data @ 2021-07-22T07:43:00-05:00 ...

Fetching market data @ 2021-07-22T07:43:03-05:00 ...

Fetching market data @ 2021-07-22T07:43:06-05:00 ...

Fetching market data @ 2021-07-22T07:43:09-05:00 ...

Fetching market data @ 2021-07-22T07:43:12-05:00 ...

Fetching market data @ 2021-07-22T07:43:15-05:00 ...

Fetching market data @ 2021-07-22T07:43:18-05:00 ...

Fetching market data @ 2021-07-22T07:43:21-05:00 ...

Fetching market data @ 2021-07-22T07:43:24-05:00 ...

Fetching market data @ 2021-07-22T07:43:27-05:00 ...

Fetching market data @ 2021-07-22T07:43:30-05:00 ...

Fetching market data @ 2021-07-22T07:43:33-05:00 ...

Fetching market data @ 2021-07-22T07:43:36-05:00 ...

Fetching market data @ 2021-07-22T07:43:39-05:00 ...

Fetching market data @ 2021-07-22T07:43:42-05:00 ...

Fetching market data @ 2021-07-22T07:43:45-05:00 ...

Fetching market data @ 2021-07-22T07:43:48-05:00 ...

Fetching market data @ 2021-07-22T07:43:51-05:00 ...

Fetching market data @ 2021-07-22T07:43:54-05:00 ...

Fetching market data @ 2021-07-22T07:43:57-05:00 ...

Fetching market data @ 2021-07-22T07:44:00-05:00 ...

Fetching market data @ 2021-07-22T07:44:03-05:00 ...

Fetching market data @ 2021-07-22T07:44:06-05:00 ...

Fetching market data @ 2021-07-22T07:44:09-05:00 ...

Fetching market data @ 2021-07-22T07:44:13-05:00 ...

Fetching market data @ 2021-07-22T07:44:16-05:00 ...

Fetching market data @ 2021-07-22T07:44:19-05:00 ...

Fetching market data @ 2021-07-22T07:44:22-05:00 ...

Fetching market data @ 2021-07-22T07:44:25-05:00 ...

Fetching market data @ 2021-07-22T07:44:28-05:00 ...

Fetching market data @ 2021-07-22T07:44:31-05:00 ...

Fetching market data @ 2021-07-22T07:44:34-05:00 ...

Fetching market data @ 2021-07-22T07:44:37-05:00 ...

Fetching market data @ 2021-07-22T07:44:40-05:00 ...

Fetching market data @ 2021-07-22T07:44:43-05:00 ...

Fetching market data @ 2021-07-22T07:44:46-05:00 ...

Fetching market data @ 2021-07-22T07:44:49-05:00 ...

Fetching market data @ 2021-07-22T07:44:52-05:00 ...

Fetching market data @ 2021-07-22T07:44:55-05:00 ...

Fetching market data @ 2021-07-22T07:44:58-05:00 ...

Fetching market data @ 2021-07-22T07:45:01-05:00 ...

Fetching market data @ 2021-07-22T07:45:04-05:00 ...

Fetching market data @ 2021-07-22T07:45:07-05:00 ...

Fetching market data @ 2021-07-22T07:45:10-05:00 ...

Fetching market data @ 2021-07-22T07:45:13-05:00 ...

Fetching market data @ 2021-07-22T07:45:16-05:00 ...

Fetching market data @ 2021-07-22T07:45:19-05:00 ...

Fetching market data @ 2021-07-22T07:45:22-05:00 ...

Fetching market data @ 2021-07-22T07:45:25-05:00 ...

Fetching market data @ 2021-07-22T07:45:28-05:00 ...

Fetching market data @ 2021-07-22T07:45:31-05:00 ...

Fetching market data @ 2021-07-22T07:45:34-05:00 ...

Fetching market data @ 2021-07-22T07:45:37-05:00 ...

Fetching market data @ 2021-07-22T07:45:40-05:00 ...

Fetching market data @ 2021-07-22T07:45:43-05:00 ...

Fetching market data @ 2021-07-22T07:45:46-05:00 ...

Fetching market data @ 2021-07-22T07:45:49-05:00 ...

Fetching market data @ 2021-07-22T07:45:52-05:00 ...

Fetching market data @ 2021-07-22T07:45:55-05:00 ...

Fetching market data @ 2021-07-22T07:45:58-05:00 ...

Fetching market data @ 2021-07-22T07:46:01-05:00 ...

Fetching market data @ 2021-07-22T07:46:04-05:00 ...

Fetching market data @ 2021-07-22T07:46:07-05:00 ...

Fetching market data @ 2021-07-22T07:46:10-05:00 ...

Fetching market data @ 2021-07-22T07:46:13-05:00 ...

Fetching market data @ 2021-07-22T07:46:16-05:00 ...

Fetching market data @ 2021-07-22T07:46:19-05:00 ...

Fetching market data @ 2021-07-22T07:46:22-05:00 ...

Fetching market data @ 2021-07-22T07:46:25-05:00 ...

Fetching market data @ 2021-07-22T07:46:28-05:00 ...

Fetching market data @ 2021-07-22T07:46:31-05:00 ...

Fetching market data @ 2021-07-22T07:46:34-05:00 ...

Fetching market data @ 2021-07-22T07:46:37-05:00 ...

Fetching market data @ 2021-07-22T07:46:40-05:00 ...

Fetching market data @ 2021-07-22T07:46:43-05:00 ...

Fetching market data @ 2021-07-22T07:46:46-05:00 ...

Fetching market data @ 2021-07-22T07:46:49-05:00 ...

Fetching market data @ 2021-07-22T07:46:52-05:00 ...

Fetching market data @ 2021-07-22T07:46:55-05:00 ...

Fetching market data @ 2021-07-22T07:46:58-05:00 ...

Fetching market data @ 2021-07-22T07:47:01-05:00 ...

Fetching market data @ 2021-07-22T07:47:04-05:00 ...

Fetching market data @ 2021-07-22T07:47:07-05:00 ...

Fetching market data @ 2021-07-22T07:47:10-05:00 ...

Fetching market data @ 2021-07-22T07:47:16-05:00 ...

Fetching market data @ 2021-07-22T07:47:19-05:00 ...

Fetching market data @ 2021-07-22T07:47:22-05:00 ...

Fetching market data @ 2021-07-22T07:47:25-05:00 ...

Fetching market data @ 2021-07-22T07:47:28-05:00 ...

Fetching market data @ 2021-07-22T07:47:31-05:00 ...

Fetching market data @ 2021-07-22T07:47:34-05:00 ...

Fetching market data @ 2021-07-22T07:47:37-05:00 ...

Fetching market data @ 2021-07-22T07:47:40-05:00 ...

Fetching market data @ 2021-07-22T07:47:43-05:00 ...

Fetching market data @ 2021-07-22T07:47:46-05:00 ...

Fetching market data @ 2021-07-22T07:47:49-05:00 ...

Fetching market data @ 2021-07-22T07:47:52-05:00 ...

Fetching market data @ 2021-07-22T07:47:55-05:00 ...

Fetching market data @ 2021-07-22T07:47:58-05:00 ...

Fetching market data @ 2021-07-22T07:48:01-05:00 ...

Fetching market data @ 2021-07-22T07:48:04-05:00 ...

Fetching market data @ 2021-07-22T07:48:07-05:00 ...

Fetching market data @ 2021-07-22T07:48:10-05:00 ...

Fetching market data @ 2021-07-22T07:48:13-05:00 ...

Fetching market data @ 2021-07-22T07:48:16-05:00 ...

Fetching market data @ 2021-07-22T07:48:19-05:00 ...

Fetching market data @ 2021-07-22T07:48:22-05:00 ...

Fetching market data @ 2021-07-22T07:48:25-05:00 ...

Fetching market data @ 2021-07-22T07:48:28-05:00 ...

Fetching market data @ 2021-07-22T07:48:31-05:00 ...

Fetching market data @ 2021-07-22T07:48:34-05:00 ...

Fetching market data @ 2021-07-22T07:48:37-05:00 ...

Fetching market data @ 2021-07-22T07:48:40-05:00 ...

Fetching market data @ 2021-07-22T07:48:43-05:00 ...

Fetching market data @ 2021-07-22T07:48:46-05:00 ...

Fetching market data @ 2021-07-22T07:48:49-05:00 ...

Fetching market data @ 2021-07-22T07:48:52-05:00 ...

Fetching market data @ 2021-07-22T07:48:55-05:00 ...

Fetching market data @ 2021-07-22T07:48:58-05:00 ...

Fetching market data @ 2021-07-22T07:49:01-05:00 ...

Fetching market data @ 2021-07-22T07:49:04-05:00 ...

Fetching market data @ 2021-07-22T07:49:07-05:00 ...

Fetching market data @ 2021-07-22T07:49:10-05:00 ...

Fetching market data @ 2021-07-22T07:49:13-05:00 ...

Fetching market data @ 2021-07-22T07:49:16-05:00 ...

Fetching market data @ 2021-07-22T07:49:19-05:00 ...

Fetching market data @ 2021-07-22T07:49:22-05:00 ...

Fetching market data @ 2021-07-22T07:49:25-05:00 ...

Fetching market data @ 2021-07-22T07:49:28-05:00 ...

Fetching market data @ 2021-07-22T07:49:31-05:00 ...

Fetching market data @ 2021-07-22T07:49:34-05:00 ...

Fetching market data @ 2021-07-22T07:49:37-05:00 ...

Fetching market data @ 2021-07-22T07:49:40-05:00 ...

Fetching market data @ 2021-07-22T07:49:43-05:00 ...

Fetching market data @ 2021-07-22T07:49:46-05:00 ...

Fetching market data @ 2021-07-22T07:49:49-05:00 ...

Fetching market data @ 2021-07-22T07:49:52-05:00 ...

Fetching market data @ 2021-07-22T07:49:55-05:00 ...

Fetching market data @ 2021-07-22T07:49:58-05:00 ...

Fetching market data @ 2021-07-22T07:50:01-05:00 ...

Fetching market data @ 2021-07-22T07:50:04-05:00 ...

Fetching market data @ 2021-07-22T07:50:07-05:00 ...

Fetching market data @ 2021-07-22T07:50:10-05:00 ...

Fetching market data @ 2021-07-22T07:50:13-05:00 ...

Fetching market data @ 2021-07-22T07:50:16-05:00 ...

Fetching market data @ 2021-07-22T07:50:19-05:00 ...

Fetching market data @ 2021-07-22T07:50:22-05:00 ...

Fetching market data @ 2021-07-22T07:50:25-05:00 ...

Fetching market data @ 2021-07-22T07:50:28-05:00 ...

Fetching market data @ 2021-07-22T07:50:31-05:00 ...

Fetching market data @ 2021-07-22T07:50:34-05:00 ...

Fetching market data @ 2021-07-22T07:50:38-05:00 ...

Fetching market data @ 2021-07-22T07:50:41-05:00 ...

Fetching market data @ 2021-07-22T07:50:44-05:00 ...

Fetching market data @ 2021-07-22T07:50:47-05:00 ...

Fetching market data @ 2021-07-22T07:50:50-05:00 ...

Fetching market data @ 2021-07-22T07:50:53-05:00 ...

Fetching market data @ 2021-07-22T07:50:56-05:00 ...

Fetching market data @ 2021-07-22T07:50:59-05:00 ...

Fetching market data @ 2021-07-22T07:51:02-05:00 ...

Fetching market data @ 2021-07-22T07:51:05-05:00 ...

Fetching market data @ 2021-07-22T07:51:08-05:00 ...

Fetching market data @ 2021-07-22T07:51:11-05:00 ...

Fetching market data @ 2021-07-22T07:51:17-05:00 ...

Fetching market data @ 2021-07-22T07:51:20-05:00 ...

Fetching market data @ 2021-07-22T07:51:23-05:00 ...

Fetching market data @ 2021-07-22T07:51:26-05:00 ...

Fetching market data @ 2021-07-22T07:51:29-05:00 ...

Fetching market data @ 2021-07-22T07:51:32-05:00 ...

Fetching market data @ 2021-07-22T07:51:35-05:00 ...

Fetching market data @ 2021-07-22T07:51:38-05:00 ...

Fetching market data @ 2021-07-22T07:51:41-05:00 ...

Fetching market data @ 2021-07-22T07:51:44-05:00 ...

Fetching market data @ 2021-07-22T07:51:47-05:00 ...

Fetching market data @ 2021-07-22T07:51:50-05:00 ...

Fetching market data @ 2021-07-22T07:51:53-05:00 ...

Fetching market data @ 2021-07-22T07:51:56-05:00 ...

Fetching market data @ 2021-07-22T07:51:59-05:00 ...

Fetching market data @ 2021-07-22T07:52:02-05:00 ...

Fetching market data @ 2021-07-22T07:52:05-05:00 ...

Fetching market data @ 2021-07-22T07:52:08-05:00 ...

Fetching market data @ 2021-07-22T07:52:11-05:00 ...

Fetching market data @ 2021-07-22T07:52:14-05:00 ...

Fetching market data @ 2021-07-22T07:52:17-05:00 ...

Fetching market data @ 2021-07-22T07:52:20-05:00 ...

Fetching market data @ 2021-07-22T07:52:23-05:00 ...

Fetching market data @ 2021-07-22T07:52:26-05:00 ...

Fetching market data @ 2021-07-22T07:52:29-05:00 ...

Fetching market data @ 2021-07-22T07:52:32-05:00 ...

Fetching market data @ 2021-07-22T07:52:35-05:00 ...

Fetching market data @ 2021-07-22T07:52:38-05:00 ...

Fetching market data @ 2021-07-22T07:52:41-05:00 ...

Fetching market data @ 2021-07-22T07:52:49-05:00 ...

Fetching market data @ 2021-07-22T07:52:52-05:00 ...

Fetching market data @ 2021-07-22T07:52:55-05:00 ...

Fetching market data @ 2021-07-22T07:52:58-05:00 ...

Fetching market data @ 2021-07-22T07:53:01-05:00 ...

Fetching market data @ 2021-07-22T07:53:04-05:00 ...

Fetching market data @ 2021-07-22T07:53:07-05:00 ...

Fetching market data @ 2021-07-22T07:53:10-05:00 ...

Fetching market data @ 2021-07-22T07:53:13-05:00 ...

Fetching market data @ 2021-07-22T07:53:16-05:00 ...

Fetching market data @ 2021-07-22T07:53:19-05:00 ...

Fetching market data @ 2021-07-22T07:53:22-05:00 ...

Fetching market data @ 2021-07-22T07:53:25-05:00 ...

Fetching market data @ 2021-07-22T07:53:28-05:00 ...

Fetching market data @ 2021-07-22T07:53:31-05:00 ...

Fetching market data @ 2021-07-22T07:53:34-05:00 ...

Fetching market data @ 2021-07-22T07:53:37-05:00 ...

Fetching market data @ 2021-07-22T07:53:40-05:00 ...

Fetching market data @ 2021-07-22T07:53:43-05:00 ...

Fetching market data @ 2021-07-22T07:53:46-05:00 ...

Fetching market data @ 2021-07-22T07:53:49-05:00 ...

Fetching market data @ 2021-07-22T07:53:52-05:00 ...

Fetching market data @ 2021-07-22T07:53:55-05:00 ...

Fetching market data @ 2021-07-22T07:53:58-05:00 ...

Fetching market data @ 2021-07-22T07:54:01-05:00 ...

Fetching market data @ 2021-07-22T07:54:04-05:00 ...

Fetching market data @ 2021-07-22T07:54:07-05:00 ...

Fetching market data @ 2021-07-22T07:54:10-05:00 ...

Fetching market data @ 2021-07-22T07:54:13-05:00 ...

Fetching market data @ 2021-07-22T07:54:16-05:00 ...

Fetching market data @ 2021-07-22T07:54:19-05:00 ...

Fetching market data @ 2021-07-22T07:54:22-05:00 ...

Fetching market data @ 2021-07-22T07:54:25-05:00 ...

Fetching market data @ 2021-07-22T07:54:28-05:00 ...

Fetching market data @ 2021-07-22T07:54:31-05:00 ...

Fetching market data @ 2021-07-22T07:54:34-05:00 ...

Fetching market data @ 2021-07-22T07:54:37-05:00 ...

Fetching market data @ 2021-07-22T07:54:40-05:00 ...

Fetching market data @ 2021-07-22T07:54:43-05:00 ...

Fetching market data @ 2021-07-22T07:54:46-05:00 ...

Fetching market data @ 2021-07-22T07:54:49-05:00 ...

Fetching market data @ 2021-07-22T07:54:52-05:00 ...

Fetching market data @ 2021-07-22T07:54:55-05:00 ...

Fetching market data @ 2021-07-22T07:54:58-05:00 ...

Fetching market data @ 2021-07-22T07:55:01-05:00 ...

Fetching market data @ 2021-07-22T07:55:04-05:00 ...

Fetching market data @ 2021-07-22T07:55:07-05:00 ...

Fetching market data @ 2021-07-22T07:55:10-05:00 ...

Fetching market data @ 2021-07-22T07:55:13-05:00 ...

Fetching market data @ 2021-07-22T07:55:16-05:00 ...

Fetching market data @ 2021-07-22T07:55:19-05:00 ...

Fetching market data @ 2021-07-22T07:55:22-05:00 ...

Fetching market data @ 2021-07-22T07:55:25-05:00 ...

Fetching market data @ 2021-07-22T07:55:28-05:00 ...

Fetching market data @ 2021-07-22T07:55:31-05:00 ...

Fetching market data @ 2021-07-22T07:55:34-05:00 ...

Fetching market data @ 2021-07-22T07:55:37-05:00 ...

Fetching market data @ 2021-07-22T07:55:40-05:00 ...

Fetching market data @ 2021-07-22T07:55:43-05:00 ...

Fetching market data @ 2021-07-22T07:55:46-05:00 ...

Fetching market data @ 2021-07-22T07:55:49-05:00 ...

Fetching market data @ 2021-07-22T07:55:52-05:00 ...

Fetching market data @ 2021-07-22T07:55:55-05:00 ...

Fetching market data @ 2021-07-22T07:55:58-05:00 ...

Fetching market data @ 2021-07-22T07:56:01-05:00 ...

Fetching market data @ 2021-07-22T07:56:04-05:00 ...

Fetching market data @ 2021-07-22T07:56:07-05:00 ...

Fetching market data @ 2021-07-22T07:56:11-05:00 ...

Fetching market data @ 2021-07-22T07:56:14-05:00 ...

Fetching market data @ 2021-07-22T07:56:17-05:00 ...

Fetching market data @ 2021-07-22T07:56:20-05:00 ...

Fetching market data @ 2021-07-22T07:56:23-05:00 ...

Fetching market data @ 2021-07-22T07:56:26-05:00 ...

Fetching market data @ 2021-07-22T07:56:29-05:00 ...

Fetching market data @ 2021-07-22T07:56:32-05:00 ...

Fetching market data @ 2021-07-22T07:56:35-05:00 ...

Fetching market data @ 2021-07-22T07:56:38-05:00 ...

Fetching market data @ 2021-07-22T07:56:41-05:00 ...

Fetching market data @ 2021-07-22T07:56:44-05:00 ...

Fetching market data @ 2021-07-22T07:56:47-05:00 ...

Fetching market data @ 2021-07-22T07:56:50-05:00 ...

Fetching market data @ 2021-07-22T07:56:53-05:00 ...

Fetching market data @ 2021-07-22T07:56:56-05:00 ...

Fetching market data @ 2021-07-22T07:56:59-05:00 ...

Fetching market data @ 2021-07-22T07:57:02-05:00 ...

Fetching market data @ 2021-07-22T07:57:05-05:00 ...

Fetching market data @ 2021-07-22T07:57:08-05:00 ...

Fetching market data @ 2021-07-22T07:57:11-05:00 ...

Fetching market data @ 2021-07-22T07:57:14-05:00 ...

Fetching market data @ 2021-07-22T07:57:17-05:00 ...

Fetching market data @ 2021-07-22T07:57:20-05:00 ...

Fetching market data @ 2021-07-22T07:57:23-05:00 ...

Fetching market data @ 2021-07-22T07:57:26-05:00 ...

Fetching market data @ 2021-07-22T07:57:29-05:00 ...

Fetching market data @ 2021-07-22T07:57:32-05:00 ...

Fetching market data @ 2021-07-22T07:57:35-05:00 ...

Fetching market data @ 2021-07-22T07:57:38-05:00 ...

Fetching market data @ 2021-07-22T07:57:41-05:00 ...

Fetching market data @ 2021-07-22T07:57:44-05:00 ...

Fetching market data @ 2021-07-22T07:57:47-05:00 ...

Fetching market data @ 2021-07-22T07:57:50-05:00 ...

Fetching market data @ 2021-07-22T07:57:53-05:00 ...

Fetching market data @ 2021-07-22T07:57:56-05:00 ...

Fetching market data @ 2021-07-22T07:57:59-05:00 ...

Fetching market data @ 2021-07-22T07:58:02-05:00 ...

Fetching market data @ 2021-07-22T07:58:05-05:00 ...

Fetching market data @ 2021-07-22T07:58:08-05:00 ...

Fetching market data @ 2021-07-22T07:58:11-05:00 ...

Fetching market data @ 2021-07-22T07:58:14-05:00 ...

Fetching market data @ 2021-07-22T07:58:17-05:00 ...

Fetching market data @ 2021-07-22T07:58:20-05:00 ...

Fetching market data @ 2021-07-22T07:58:23-05:00 ...

Fetching market data @ 2021-07-22T07:58:26-05:00 ...

Fetching market data @ 2021-07-22T07:58:29-05:00 ...

Fetching market data @ 2021-07-22T07:58:32-05:00 ...

Fetching market data @ 2021-07-22T07:58:35-05:00 ...

Fetching market data @ 2021-07-22T07:58:38-05:00 ...

Fetching market data @ 2021-07-22T07:58:41-05:00 ...

Fetching market data @ 2021-07-22T07:58:44-05:00 ...

Fetching market data @ 2021-07-22T07:58:47-05:00 ...

Fetching market data @ 2021-07-22T07:58:50-05:00 ...

Fetching market data @ 2021-07-22T07:58:53-05:00 ...

Fetching market data @ 2021-07-22T07:58:56-05:00 ...

Fetching market data @ 2021-07-22T07:58:59-05:00 ...

Fetching market data @ 2021-07-22T07:59:02-05:00 ...

Fetching market data @ 2021-07-22T07:59:05-05:00 ...

Fetching market data @ 2021-07-22T07:59:08-05:00 ...

Fetching market data @ 2021-07-22T07:59:11-05:00 ...

Fetching market data @ 2021-07-22T07:59:14-05:00 ...

Fetching market data @ 2021-07-22T07:59:17-05:00 ...

Fetching market data @ 2021-07-22T07:59:20-05:00 ...

Fetching market data @ 2021-07-22T07:59:23-05:00 ...

Fetching market data @ 2021-07-22T07:59:26-05:00 ...

Fetching market data @ 2021-07-22T07:59:29-05:00 ...

Fetching market data @ 2021-07-22T07:59:32-05:00 ...

Fetching market data @ 2021-07-22T07:59:35-05:00 ...

Fetching market data @ 2021-07-22T07:59:38-05:00 ...

Fetching market data @ 2021-07-22T07:59:41-05:00 ...

Fetching market data @ 2021-07-22T07:59:44-05:00 ...

Fetching market data @ 2021-07-22T07:59:47-05:00 ...

Fetching market data @ 2021-07-22T07:59:50-05:00 ...

Fetching market data @ 2021-07-22T07:59:53-05:00 ...

Fetching market data @ 2021-07-22T07:59:56-05:00 ...

Fetching market data @ 2021-07-22T07:59:59-05:00 ...

Fetching market data @ 2021-07-22T08:00:02-05:00 ...

Fetching market data @ 2021-07-22T08:00:05-05:00 ...

Fetching market data @ 2021-07-22T08:00:08-05:00 ...

Fetching market data @ 2021-07-22T08:00:11-05:00 ...

Fetching market data @ 2021-07-22T08:00:14-05:00 ...

Fetching market data @ 2021-07-22T08:00:17-05:00 ...

Fetching market data @ 2021-07-22T08:00:20-05:00 ...

Fetching market data @ 2021-07-22T08:00:23-05:00 ...

Fetching market data @ 2021-07-22T08:00:26-05:00 ...

Fetching market data @ 2021-07-22T08:00:29-05:00 ...

Fetching market data @ 2021-07-22T08:00:32-05:00 ...

Fetching market data @ 2021-07-22T08:00:35-05:00 ...

Fetching market data @ 2021-07-22T08:00:38-05:00 ...

Fetching market data @ 2021-07-22T08:00:41-05:00 ...

Fetching market data @ 2021-07-22T08:00:44-05:00 ...

Fetching market data @ 2021-07-22T08:00:47-05:00 ...

Fetching market data @ 2021-07-22T08:00:50-05:00 ...

Fetching market data @ 2021-07-22T08:00:53-05:00 ...

Fetching market data @ 2021-07-22T08:00:56-05:00 ...

Fetching market data @ 2021-07-22T08:00:59-05:00 ...

Fetching market data @ 2021-07-22T08:01:02-05:00 ...

Fetching market data @ 2021-07-22T08:01:05-05:00 ...

Fetching market data @ 2021-07-22T08:01:08-05:00 ...

Fetching market data @ 2021-07-22T08:01:11-05:00 ...

Fetching market data @ 2021-07-22T08:01:14-05:00 ...

Fetching market data @ 2021-07-22T08:01:17-05:00 ...

Fetching market data @ 2021-07-22T08:01:20-05:00 ...

Fetching market data @ 2021-07-22T08:01:23-05:00 ...

Fetching market data @ 2021-07-22T08:01:26-05:00 ...

Fetching market data @ 2021-07-22T08:01:29-05:00 ...

Fetching market data @ 2021-07-22T08:01:32-05:00 ...

Fetching market data @ 2021-07-22T08:01:35-05:00 ...

Fetching market data @ 2021-07-22T08:01:38-05:00 ...

Fetching market data @ 2021-07-22T08:01:41-05:00 ...

Fetching market data @ 2021-07-22T08:01:44-05:00 ...

Fetching market data @ 2021-07-22T08:01:47-05:00 ...

Fetching market data @ 2021-07-22T08:01:50-05:00 ...

Fetching market data @ 2021-07-22T08:01:53-05:00 ...

Fetching market data @ 2021-07-22T08:01:56-05:00 ...

Fetching market data @ 2021-07-22T08:01:59-05:00 ...

Fetching market data @ 2021-07-22T08:02:02-05:00 ...

Fetching market data @ 2021-07-22T08:02:05-05:00 ...

Fetching market data @ 2021-07-22T08:02:08-05:00 ...

Fetching market data @ 2021-07-22T08:02:11-05:00 ...

Fetching market data @ 2021-07-22T08:02:14-05:00 ...

Fetching market data @ 2021-07-22T08:02:17-05:00 ...

Fetching market data @ 2021-07-22T08:02:20-05:00 ...

Fetching market data @ 2021-07-22T08:02:23-05:00 ...

Fetching market data @ 2021-07-22T08:02:26-05:00 ...

Fetching market data @ 2021-07-22T08:02:29-05:00 ...

Fetching market data @ 2021-07-22T08:02:32-05:00 ...

Fetching market data @ 2021-07-22T08:02:35-05:00 ...

Fetching market data @ 2021-07-22T08:02:38-05:00 ...

Fetching market data @ 2021-07-22T08:02:41-05:00 ...

Fetching market data @ 2021-07-22T08:02:44-05:00 ...

Fetching market data @ 2021-07-22T08:02:47-05:00 ...

Fetching market data @ 2021-07-22T08:02:50-05:00 ...

Fetching market data @ 2021-07-22T08:02:53-05:00 ...

Fetching market data @ 2021-07-22T08:02:56-05:00 ...

Fetching market data @ 2021-07-22T08:02:59-05:00 ...

Fetching market data @ 2021-07-22T08:03:02-05:00 ...

Fetching market data @ 2021-07-22T08:03:05-05:00 ...

Fetching market data @ 2021-07-22T08:03:08-05:00 ...

Fetching market data @ 2021-07-22T08:03:11-05:00 ...

Fetching market data @ 2021-07-22T08:03:14-05:00 ...

Fetching market data @ 2021-07-22T08:03:17-05:00 ...

Fetching market data @ 2021-07-22T08:03:21-05:00 ...

Fetching market data @ 2021-07-22T08:03:24-05:00 ...

Fetching market data @ 2021-07-22T08:03:27-05:00 ...

Fetching market data @ 2021-07-22T08:03:30-05:00 ...

Fetching market data @ 2021-07-22T08:03:33-05:00 ...

Fetching market data @ 2021-07-22T08:03:36-05:00 ...

Fetching market data @ 2021-07-22T08:03:39-05:00 ...

Fetching market data @ 2021-07-22T08:03:42-05:00 ...

Fetching market data @ 2021-07-22T08:03:45-05:00 ...

Fetching market data @ 2021-07-22T08:03:48-05:00 ...

Fetching market data @ 2021-07-22T08:03:51-05:00 ...

Fetching market data @ 2021-07-22T08:03:54-05:00 ...

Fetching market data @ 2021-07-22T08:03:57-05:00 ...

Fetching market data @ 2021-07-22T08:04:00-05:00 ...

Fetching market data @ 2021-07-22T08:04:03-05:00 ...

Fetching market data @ 2021-07-22T08:04:06-05:00 ...

Fetching market data @ 2021-07-22T08:04:09-05:00 ...

Fetching market data @ 2021-07-22T08:04:12-05:00 ...

Fetching market data @ 2021-07-22T08:04:15-05:00 ...

Fetching market data @ 2021-07-22T08:04:18-05:00 ...

Fetching market data @ 2021-07-22T08:04:21-05:00 ...

Fetching market data @ 2021-07-22T08:04:24-05:00 ...

Fetching market data @ 2021-07-22T08:04:27-05:00 ...

Fetching market data @ 2021-07-22T08:04:30-05:00 ...

Fetching market data @ 2021-07-22T08:04:33-05:00 ...

Fetching market data @ 2021-07-22T08:04:36-05:00 ...

Fetching market data @ 2021-07-22T08:04:39-05:00 ...

Fetching market data @ 2021-07-22T08:04:42-05:00 ...

Fetching market data @ 2021-07-22T08:04:45-05:00 ...

Fetching market data @ 2021-07-22T08:04:48-05:00 ...

Fetching market data @ 2021-07-22T08:04:51-05:00 ...

Fetching market data @ 2021-07-22T08:04:54-05:00 ...

Fetching market data @ 2021-07-22T08:04:57-05:00 ...

Fetching market data @ 2021-07-22T08:05:00-05:00 ...

Fetching market data @ 2021-07-22T08:05:03-05:00 ...

Fetching market data @ 2021-07-22T08:05:06-05:00 ...

Fetching market data @ 2021-07-22T08:05:09-05:00 ...

Fetching market data @ 2021-07-22T08:05:12-05:00 ...

Fetching market data @ 2021-07-22T08:05:15-05:00 ...

Fetching market data @ 2021-07-22T08:05:18-05:00 ...

Fetching market data @ 2021-07-22T08:05:21-05:00 ...

Fetching market data @ 2021-07-22T08:05:24-05:00 ...

Fetching market data @ 2021-07-22T08:05:27-05:00 ...

Fetching market data @ 2021-07-22T08:05:30-05:00 ...

Fetching market data @ 2021-07-22T08:05:33-05:00 ...

Fetching market data @ 2021-07-22T08:05:36-05:00 ...

Fetching market data @ 2021-07-22T08:05:39-05:00 ...

Fetching market data @ 2021-07-22T08:05:42-05:00 ...

Fetching market data @ 2021-07-22T08:05:45-05:00 ...

Fetching market data @ 2021-07-22T08:05:48-05:00 ...

Fetching market data @ 2021-07-22T08:05:51-05:00 ...

Fetching market data @ 2021-07-22T08:05:54-05:00 ...

Fetching market data @ 2021-07-22T08:05:57-05:00 ...

Fetching market data @ 2021-07-22T08:06:00-05:00 ...

Fetching market data @ 2021-07-22T08:06:03-05:00 ...

Fetching market data @ 2021-07-22T08:06:06-05:00 ...

Fetching market data @ 2021-07-22T08:06:09-05:00 ...

Fetching market data @ 2021-07-22T08:06:12-05:00 ...

Fetching market data @ 2021-07-22T08:06:15-05:00 ...

Fetching market data @ 2021-07-22T08:06:18-05:00 ...

Fetching market data @ 2021-07-22T08:06:21-05:00 ...

Fetching market data @ 2021-07-22T08:06:24-05:00 ...

Fetching market data @ 2021-07-22T08:06:27-05:00 ...

Fetching market data @ 2021-07-22T08:06:30-05:00 ...

Fetching market data @ 2021-07-22T08:06:33-05:00 ...

Fetching market data @ 2021-07-22T08:06:36-05:00 ...

Fetching market data @ 2021-07-22T08:06:39-05:00 ...

Fetching market data @ 2021-07-22T08:06:42-05:00 ...

Fetching market data @ 2021-07-22T08:06:45-05:00 ...

Fetching market data @ 2021-07-22T08:06:48-05:00 ...

Fetching market data @ 2021-07-22T08:06:51-05:00 ...

Fetching market data @ 2021-07-22T08:06:54-05:00 ...

Fetching market data @ 2021-07-22T08:06:57-05:00 ...

Fetching market data @ 2021-07-22T08:07:00-05:00 ...

Fetching market data @ 2021-07-22T08:07:03-05:00 ...

Fetching market data @ 2021-07-22T08:07:06-05:00 ...

Fetching market data @ 2021-07-22T08:07:09-05:00 ...

Fetching market data @ 2021-07-22T08:07:12-05:00 ...

Fetching market data @ 2021-07-22T08:07:15-05:00 ...

Fetching market data @ 2021-07-22T08:07:18-05:00 ...

Fetching market data @ 2021-07-22T08:07:21-05:00 ...

Fetching market data @ 2021-07-22T08:07:24-05:00 ...

Fetching market data @ 2021-07-22T08:07:27-05:00 ...

Fetching market data @ 2021-07-22T08:07:30-05:00 ...

Fetching market data @ 2021-07-22T08:07:33-05:00 ...

Fetching market data @ 2021-07-22T08:07:36-05:00 ...

Fetching market data @ 2021-07-22T08:07:39-05:00 ...

Fetching market data @ 2021-07-22T08:07:42-05:00 ...

Fetching market data @ 2021-07-22T08:07:45-05:00 ...

Fetching market data @ 2021-07-22T08:07:48-05:00 ...

Fetching market data @ 2021-07-22T08:07:51-05:00 ...

Fetching market data @ 2021-07-22T08:07:54-05:00 ...

Fetching market data @ 2021-07-22T08:07:57-05:00 ...

Fetching market data @ 2021-07-22T08:08:00-05:00 ...

Fetching market data @ 2021-07-22T08:08:03-05:00 ...

Fetching market data @ 2021-07-22T08:08:06-05:00 ...

Fetching market data @ 2021-07-22T08:08:09-05:00 ...

Fetching market data @ 2021-07-22T08:08:12-05:00 ...

Fetching market data @ 2021-07-22T08:08:15-05:00 ...

Fetching market data @ 2021-07-22T08:08:18-05:00 ...

Fetching market data @ 2021-07-22T08:08:21-05:00 ...

Fetching market data @ 2021-07-22T08:08:24-05:00 ...

Fetching market data @ 2021-07-22T08:08:27-05:00 ...

Fetching market data @ 2021-07-22T08:08:30-05:00 ...

Fetching market data @ 2021-07-22T08:08:33-05:00 ...

Fetching market data @ 2021-07-22T08:08:36-05:00 ...

Fetching market data @ 2021-07-22T08:08:39-05:00 ...

Fetching market data @ 2021-07-22T08:08:42-05:00 ...

Fetching market data @ 2021-07-22T08:08:45-05:00 ...

Fetching market data @ 2021-07-22T08:08:48-05:00 ...

Fetching market data @ 2021-07-22T08:08:51-05:00 ...

Fetching market data @ 2021-07-22T08:08:54-05:00 ...

Fetching market data @ 2021-07-22T08:08:57-05:00 ...

Fetching market data @ 2021-07-22T08:09:00-05:00 ...

Fetching market data @ 2021-07-22T08:09:03-05:00 ...

Fetching market data @ 2021-07-22T08:09:06-05:00 ...

Fetching market data @ 2021-07-22T08:09:09-05:00 ...

Fetching market data @ 2021-07-22T08:09:12-05:00 ...

Fetching market data @ 2021-07-22T08:09:15-05:00 ...

Fetching market data @ 2021-07-22T08:09:18-05:00 ...

Fetching market data @ 2021-07-22T08:09:21-05:00 ...

Fetching market data @ 2021-07-22T08:09:24-05:00 ...

Fetching market data @ 2021-07-22T08:09:27-05:00 ...

Fetching market data @ 2021-07-22T08:09:30-05:00 ...

Fetching market data @ 2021-07-22T08:09:33-05:00 ...

Fetching market data @ 2021-07-22T08:09:36-05:00 ...

Fetching market data @ 2021-07-22T08:09:40-05:00 ...

Fetching market data @ 2021-07-22T08:09:43-05:00 ...

Fetching market data @ 2021-07-22T08:09:46-05:00 ...

Fetching market data @ 2021-07-22T08:09:49-05:00 ...

Fetching market data @ 2021-07-22T08:09:52-05:00 ...

Fetching market data @ 2021-07-22T08:09:55-05:00 ...

Fetching market data @ 2021-07-22T08:09:58-05:00 ...

Fetching market data @ 2021-07-22T08:10:01-05:00 ...

Fetching market data @ 2021-07-22T08:10:04-05:00 ...

Fetching market data @ 2021-07-22T08:10:07-05:00 ...

Fetching market data @ 2021-07-22T08:10:10-05:00 ...

Fetching market data @ 2021-07-22T08:10:13-05:00 ...

Fetching market data @ 2021-07-22T08:10:16-05:00 ...

Fetching market data @ 2021-07-22T08:10:19-05:00 ...

Fetching market data @ 2021-07-22T08:10:22-05:00 ...

Fetching market data @ 2021-07-22T08:10:25-05:00 ...

Fetching market data @ 2021-07-22T08:10:28-05:00 ...

Fetching market data @ 2021-07-22T08:10:31-05:00 ...

Fetching market data @ 2021-07-22T08:10:34-05:00 ...

Fetching market data @ 2021-07-22T08:10:37-05:00 ...

Fetching market data @ 2021-07-22T08:10:40-05:00 ...

Fetching market data @ 2021-07-22T08:10:43-05:00 ...

Fetching market data @ 2021-07-22T08:10:46-05:00 ...

Fetching market data @ 2021-07-22T08:10:49-05:00 ...

Fetching market data @ 2021-07-22T08:10:52-05:00 ...

Fetching market data @ 2021-07-22T08:10:55-05:00 ...

Fetching market data @ 2021-07-22T08:10:58-05:00 ...

Fetching market data @ 2021-07-22T08:11:01-05:00 ...

Fetching market data @ 2021-07-22T08:11:04-05:00 ...

Fetching market data @ 2021-07-22T08:11:07-05:00 ...

Fetching market data @ 2021-07-22T08:11:10-05:00 ...

Fetching market data @ 2021-07-22T08:11:13-05:00 ...

Fetching market data @ 2021-07-22T08:11:16-05:00 ...

Fetching market data @ 2021-07-22T08:11:19-05:00 ...

Fetching market data @ 2021-07-22T08:11:22-05:00 ...

Fetching market data @ 2021-07-22T08:11:25-05:00 ...

Fetching market data @ 2021-07-22T08:11:28-05:00 ...

Fetching market data @ 2021-07-22T08:11:31-05:00 ...

Fetching market data @ 2021-07-22T08:11:34-05:00 ...

Fetching market data @ 2021-07-22T08:11:37-05:00 ...

Fetching market data @ 2021-07-22T08:11:40-05:00 ...

Fetching market data @ 2021-07-22T08:11:43-05:00 ...

Fetching market data @ 2021-07-22T08:11:46-05:00 ...

Fetching market data @ 2021-07-22T08:11:49-05:00 ...

Fetching market data @ 2021-07-22T08:11:52-05:00 ...

Fetching market data @ 2021-07-22T08:11:55-05:00 ...

Fetching market data @ 2021-07-22T08:11:58-05:00 ...

Fetching market data @ 2021-07-22T08:12:01-05:00 ...

Fetching market data @ 2021-07-22T08:12:04-05:00 ...

Fetching market data @ 2021-07-22T08:12:07-05:00 ...

Fetching market data @ 2021-07-22T08:12:10-05:00 ...

Fetching market data @ 2021-07-22T08:12:13-05:00 ...

Fetching market data @ 2021-07-22T08:12:16-05:00 ...

Fetching market data @ 2021-07-22T08:12:19-05:00 ...

Fetching market data @ 2021-07-22T08:12:22-05:00 ...

Fetching market data @ 2021-07-22T08:12:25-05:00 ...

Fetching market data @ 2021-07-22T08:12:28-05:00 ...

Fetching market data @ 2021-07-22T08:12:31-05:00 ...

Fetching market data @ 2021-07-22T08:12:34-05:00 ...

Fetching market data @ 2021-07-22T08:12:37-05:00 ...

Fetching market data @ 2021-07-22T08:12:40-05:00 ...

Fetching market data @ 2021-07-22T08:12:43-05:00 ...

Fetching market data @ 2021-07-22T08:12:46-05:00 ...

Fetching market data @ 2021-07-22T08:12:49-05:00 ...

Fetching market data @ 2021-07-22T08:12:52-05:00 ...

Fetching market data @ 2021-07-22T08:12:55-05:00 ...

Fetching market data @ 2021-07-22T08:12:58-05:00 ...

Fetching market data @ 2021-07-22T08:13:01-05:00 ...

Fetching market data @ 2021-07-22T08:13:04-05:00 ...

Fetching market data @ 2021-07-22T08:13:07-05:00 ...

Fetching market data @ 2021-07-22T08:13:10-05:00 ...

Fetching market data @ 2021-07-22T08:13:13-05:00 ...

Fetching market data @ 2021-07-22T08:13:16-05:00 ...

Fetching market data @ 2021-07-22T08:13:19-05:00 ...

Fetching market data @ 2021-07-22T08:13:22-05:00 ...

Fetching market data @ 2021-07-22T08:13:25-05:00 ...

Fetching market data @ 2021-07-22T08:13:28-05:00 ...

Fetching market data @ 2021-07-22T08:13:31-05:00 ...

Fetching market data @ 2021-07-22T08:13:34-05:00 ...

Fetching market data @ 2021-07-22T08:13:37-05:00 ...

Fetching market data @ 2021-07-22T08:13:40-05:00 ...

Fetching market data @ 2021-07-22T08:13:43-05:00 ...

Fetching market data @ 2021-07-22T08:13:46-05:00 ...

Fetching market data @ 2021-07-22T08:13:49-05:00 ...

Fetching market data @ 2021-07-22T08:13:52-05:00 ...

Fetching market data @ 2021-07-22T08:13:55-05:00 ...

Fetching market data @ 2021-07-22T08:13:58-05:00 ...

Fetching market data @ 2021-07-22T08:14:01-05:00 ...

Fetching market data @ 2021-07-22T08:14:04-05:00 ...

Fetching market data @ 2021-07-22T08:14:07-05:00 ...

Fetching market data @ 2021-07-22T08:14:10-05:00 ...

Fetching market data @ 2021-07-22T08:14:13-05:00 ...

Fetching market data @ 2021-07-22T08:14:16-05:00 ...

Fetching market data @ 2021-07-22T08:14:19-05:00 ...

Fetching market data @ 2021-07-22T08:14:22-05:00 ...

Fetching market data @ 2021-07-22T08:14:25-05:00 ...

Fetching market data @ 2021-07-22T08:14:28-05:00 ...

Fetching market data @ 2021-07-22T08:14:31-05:00 ...

Fetching market data @ 2021-07-22T08:14:34-05:00 ...

Fetching market data @ 2021-07-22T08:14:37-05:00 ...

Fetching market data @ 2021-07-22T08:14:40-05:00 ...

Fetching market data @ 2021-07-22T08:14:43-05:00 ...

Fetching market data @ 2021-07-22T08:14:46-05:00 ...

Fetching market data @ 2021-07-22T08:14:49-05:00 ...

Fetching market data @ 2021-07-22T08:14:52-05:00 ...

Fetching market data @ 2021-07-22T08:14:55-05:00 ...

Fetching market data @ 2021-07-22T08:14:58-05:00 ...

Fetching market data @ 2021-07-22T08:15:01-05:00 ...

Fetching market data @ 2021-07-22T08:15:04-05:00 ...

Fetching market data @ 2021-07-22T08:15:07-05:00 ...

Fetching market data @ 2021-07-22T08:15:10-05:00 ...

Fetching market data @ 2021-07-22T08:15:13-05:00 ...

Fetching market data @ 2021-07-22T08:15:16-05:00 ...

Fetching market data @ 2021-07-22T08:15:19-05:00 ...

Fetching market data @ 2021-07-22T08:15:22-05:00 ...

Fetching market data @ 2021-07-22T08:15:26-05:00 ...

Fetching market data @ 2021-07-22T08:15:29-05:00 ...

Fetching market data @ 2021-07-22T08:15:32-05:00 ...

Fetching market data @ 2021-07-22T08:15:35-05:00 ...

Fetching market data @ 2021-07-22T08:15:38-05:00 ...

Fetching market data @ 2021-07-22T08:15:41-05:00 ...

Fetching market data @ 2021-07-22T08:15:44-05:00 ...

Fetching market data @ 2021-07-22T08:15:47-05:00 ...

Fetching market data @ 2021-07-22T08:15:50-05:00 ...

Fetching market data @ 2021-07-22T08:15:53-05:00 ...

Fetching market data @ 2021-07-22T08:15:56-05:00 ...

Fetching market data @ 2021-07-22T08:15:59-05:00 ...

Fetching market data @ 2021-07-22T08:16:02-05:00 ...

Fetching market data @ 2021-07-22T08:16:05-05:00 ...

Fetching market data @ 2021-07-22T08:16:08-05:00 ...

Fetching market data @ 2021-07-22T08:16:11-05:00 ...

Fetching market data @ 2021-07-22T08:16:14-05:00 ...

Fetching market data @ 2021-07-22T08:16:17-05:00 ...

Fetching market data @ 2021-07-22T08:16:20-05:00 ...

Fetching market data @ 2021-07-22T08:16:23-05:00 ...

Fetching market data @ 2021-07-22T08:16:26-05:00 ...

Fetching market data @ 2021-07-22T08:16:29-05:00 ...

Fetching market data @ 2021-07-22T08:16:32-05:00 ...

Fetching market data @ 2021-07-22T08:16:35-05:00 ...

Fetching market data @ 2021-07-22T08:16:38-05:00 ...

Fetching market data @ 2021-07-22T08:16:41-05:00 ...

Fetching market data @ 2021-07-22T08:16:44-05:00 ...

Fetching market data @ 2021-07-22T08:16:47-05:00 ...

Fetching market data @ 2021-07-22T08:16:50-05:00 ...

Fetching market data @ 2021-07-22T08:16:53-05:00 ...

Fetching market data @ 2021-07-22T08:16:56-05:00 ...

Fetching market data @ 2021-07-22T08:16:59-05:00 ...

Fetching market data @ 2021-07-22T08:17:02-05:00 ...

Fetching market data @ 2021-07-22T08:17:05-05:00 ...

Fetching market data @ 2021-07-22T08:17:08-05:00 ...

Fetching market data @ 2021-07-22T08:17:11-05:00 ...

Fetching market data @ 2021-07-22T08:17:14-05:00 ...

Fetching market data @ 2021-07-22T08:17:17-05:00 ...

Fetching market data @ 2021-07-22T08:17:20-05:00 ...

Fetching market data @ 2021-07-22T08:17:23-05:00 ...

Fetching market data @ 2021-07-22T08:17:26-05:00 ...

Fetching market data @ 2021-07-22T08:17:29-05:00 ...

Fetching market data @ 2021-07-22T08:17:32-05:00 ...

Fetching market data @ 2021-07-22T08:17:35-05:00 ...

Fetching market data @ 2021-07-22T08:17:38-05:00 ...

Fetching market data @ 2021-07-22T08:17:41-05:00 ...

Fetching market data @ 2021-07-22T08:17:44-05:00 ...

Fetching market data @ 2021-07-22T08:17:47-05:00 ...

Fetching market data @ 2021-07-22T08:17:50-05:00 ...

Fetching market data @ 2021-07-22T08:17:53-05:00 ...

Fetching market data @ 2021-07-22T08:17:56-05:00 ...

Fetching market data @ 2021-07-22T08:17:59-05:00 ...

Fetching market data @ 2021-07-22T08:18:02-05:00 ...

Fetching market data @ 2021-07-22T08:18:05-05:00 ...

Fetching market data @ 2021-07-22T08:18:08-05:00 ...

Fetching market data @ 2021-07-22T08:18:11-05:00 ...

Fetching market data @ 2021-07-22T08:18:14-05:00 ...

Fetching market data @ 2021-07-22T08:18:17-05:00 ...

Fetching market data @ 2021-07-22T08:18:20-05:00 ...

Fetching market data @ 2021-07-22T08:18:23-05:00 ...

Fetching market data @ 2021-07-22T08:18:26-05:00 ...

Fetching market data @ 2021-07-22T08:18:29-05:00 ...

Fetching market data @ 2021-07-22T08:18:32-05:00 ...

Fetching market data @ 2021-07-22T08:18:35-05:00 ...

Fetching market data @ 2021-07-22T08:18:38-05:00 ...

Fetching market data @ 2021-07-22T08:18:41-05:00 ...

Fetching market data @ 2021-07-22T08:18:44-05:00 ...

Fetching market data @ 2021-07-22T08:18:47-05:00 ...

Fetching market data @ 2021-07-22T08:18:50-05:00 ...

Fetching market data @ 2021-07-22T08:18:53-05:00 ...

Fetching market data @ 2021-07-22T08:18:56-05:00 ...

Fetching market data @ 2021-07-22T08:18:59-05:00 ...

Fetching market data @ 2021-07-22T08:19:02-05:00 ...

Fetching market data @ 2021-07-22T08:19:05-05:00 ...

Fetching market data @ 2021-07-22T08:19:08-05:00 ...

Fetching market data @ 2021-07-22T08:19:11-05:00 ...

Fetching market data @ 2021-07-22T08:19:14-05:00 ...

Fetching market data @ 2021-07-22T08:19:17-05:00 ...

Fetching market data @ 2021-07-22T08:19:20-05:00 ...

Fetching market data @ 2021-07-22T08:19:23-05:00 ...

Fetching market data @ 2021-07-22T08:19:26-05:00 ...

Fetching market data @ 2021-07-22T08:19:29-05:00 ...

Fetching market data @ 2021-07-22T08:19:32-05:00 ...

Fetching market data @ 2021-07-22T08:19:35-05:00 ...

Fetching market data @ 2021-07-22T08:19:38-05:00 ...

Fetching market data @ 2021-07-22T08:19:41-05:00 ...

Fetching market data @ 2021-07-22T08:19:44-05:00 ...

Fetching market data @ 2021-07-22T08:19:47-05:00 ...

Fetching market data @ 2021-07-22T08:19:50-05:00 ...

Fetching market data @ 2021-07-22T08:19:53-05:00 ...

Fetching market data @ 2021-07-22T08:19:56-05:00 ...

Fetching market data @ 2021-07-22T08:19:59-05:00 ...

Fetching market data @ 2021-07-22T08:20:02-05:00 ...

Fetching market data @ 2021-07-22T08:20:05-05:00 ...

Fetching market data @ 2021-07-22T08:20:08-05:00 ...

Fetching market data @ 2021-07-22T08:20:11-05:00 ...

Fetching market data @ 2021-07-22T08:20:14-05:00 ...

Fetching market data @ 2021-07-22T08:20:17-05:00 ...

Fetching market data @ 2021-07-22T08:20:20-05:00 ...

Fetching market data @ 2021-07-22T08:20:23-05:00 ...

Fetching market data @ 2021-07-22T08:20:26-05:00 ...

Fetching market data @ 2021-07-22T08:20:29-05:00 ...

Fetching market data @ 2021-07-22T08:20:32-05:00 ...

Fetching market data @ 2021-07-22T08:20:35-05:00 ...

Fetching market data @ 2021-07-22T08:20:38-05:00 ...

Fetching market data @ 2021-07-22T08:20:41-05:00 ...

Fetching market data @ 2021-07-22T08:20:44-05:00 ...

Fetching market data @ 2021-07-22T08:20:47-05:00 ...

Fetching market data @ 2021-07-22T08:20:50-05:00 ...

Fetching market data @ 2021-07-22T08:20:53-05:00 ...

Fetching market data @ 2021-07-22T08:20:56-05:00 ...

Fetching market data @ 2021-07-22T08:20:59-05:00 ...

Fetching market data @ 2021-07-22T08:21:02-05:00 ...

Fetching market data @ 2021-07-22T08:21:05-05:00 ...

Fetching market data @ 2021-07-22T08:21:08-05:00 ...

Fetching market data @ 2021-07-22T08:21:11-05:00 ...

Fetching market data @ 2021-07-22T08:21:14-05:00 ...

Fetching market data @ 2021-07-22T08:21:17-05:00 ...

Fetching market data @ 2021-07-22T08:21:20-05:00 ...

Fetching market data @ 2021-07-22T08:21:23-05:00 ...

Fetching market data @ 2021-07-22T08:21:26-05:00 ...

Fetching market data @ 2021-07-22T08:21:29-05:00 ...

Fetching market data @ 2021-07-22T08:21:32-05:00 ...

Fetching market data @ 2021-07-22T08:21:35-05:00 ...

Fetching market data @ 2021-07-22T08:21:38-05:00 ...

Fetching market data @ 2021-07-22T08:21:42-05:00 ...

Fetching market data @ 2021-07-22T08:21:45-05:00 ...

Fetching market data @ 2021-07-22T08:21:48-05:00 ...

Fetching market data @ 2021-07-22T08:21:51-05:00 ...

Fetching market data @ 2021-07-22T08:21:54-05:00 ...

Fetching market data @ 2021-07-22T08:21:57-05:00 ...

Fetching market data @ 2021-07-22T08:22:00-05:00 ...

Fetching market data @ 2021-07-22T08:22:03-05:00 ...

Fetching market data @ 2021-07-22T08:22:06-05:00 ...

Fetching market data @ 2021-07-22T08:22:09-05:00 ...

Fetching market data @ 2021-07-22T08:22:12-05:00 ...

Fetching market data @ 2021-07-22T08:22:15-05:00 ...

Fetching market data @ 2021-07-22T08:22:18-05:00 ...

Fetching market data @ 2021-07-22T08:22:21-05:00 ...

Fetching market data @ 2021-07-22T08:22:24-05:00 ...

Fetching market data @ 2021-07-22T08:22:27-05:00 ...

Fetching market data @ 2021-07-22T08:22:30-05:00 ...

Fetching market data @ 2021-07-22T08:22:33-05:00 ...

Fetching market data @ 2021-07-22T08:22:36-05:00 ...

Fetching market data @ 2021-07-22T08:22:39-05:00 ...

Fetching market data @ 2021-07-22T08:22:42-05:00 ...

Fetching market data @ 2021-07-22T08:22:45-05:00 ...

Fetching market data @ 2021-07-22T08:22:48-05:00 ...

Fetching market data @ 2021-07-22T08:22:51-05:00 ...

Fetching market data @ 2021-07-22T08:22:54-05:00 ...

Fetching market data @ 2021-07-22T08:22:57-05:00 ...

Fetching market data @ 2021-07-22T08:23:00-05:00 ...

Fetching market data @ 2021-07-22T08:23:03-05:00 ...

Fetching market data @ 2021-07-22T08:23:06-05:00 ...

Fetching market data @ 2021-07-22T08:23:09-05:00 ...

Fetching market data @ 2021-07-22T08:23:12-05:00 ...

Fetching market data @ 2021-07-22T08:23:15-05:00 ...

Fetching market data @ 2021-07-22T08:23:18-05:00 ...

Fetching market data @ 2021-07-22T08:23:21-05:00 ...

Fetching market data @ 2021-07-22T08:23:24-05:00 ...

Fetching market data @ 2021-07-22T08:23:27-05:00 ...

Fetching market data @ 2021-07-22T08:23:30-05:00 ...

Fetching market data @ 2021-07-22T08:23:33-05:00 ...

Fetching market data @ 2021-07-22T08:23:36-05:00 ...

Fetching market data @ 2021-07-22T08:23:39-05:00 ...

Fetching market data @ 2021-07-22T08:23:42-05:00 ...

Fetching market data @ 2021-07-22T08:23:45-05:00 ...

Fetching market data @ 2021-07-22T08:23:48-05:00 ...

Fetching market data @ 2021-07-22T08:23:51-05:00 ...

Fetching market data @ 2021-07-22T08:23:54-05:00 ...

Fetching market data @ 2021-07-22T08:23:57-05:00 ...

Fetching market data @ 2021-07-22T08:24:00-05:00 ...

Fetching market data @ 2021-07-22T08:24:03-05:00 ...

Fetching market data @ 2021-07-22T08:24:06-05:00 ...

Fetching market data @ 2021-07-22T08:24:09-05:00 ...

Fetching market data @ 2021-07-22T08:24:12-05:00 ...

Fetching market data @ 2021-07-22T08:24:15-05:00 ...

Fetching market data @ 2021-07-22T08:24:18-05:00 ...

Fetching market data @ 2021-07-22T08:24:21-05:00 ...

Fetching market data @ 2021-07-22T08:24:24-05:00 ...

Fetching market data @ 2021-07-22T08:24:27-05:00 ...

Fetching market data @ 2021-07-22T08:24:30-05:00 ...

Fetching market data @ 2021-07-22T08:24:33-05:00 ...

Fetching market data @ 2021-07-22T08:24:36-05:00 ...

Fetching market data @ 2021-07-22T08:24:39-05:00 ...

Fetching market data @ 2021-07-22T08:24:42-05:00 ...

Fetching market data @ 2021-07-22T08:24:45-05:00 ...

Fetching market data @ 2021-07-22T08:24:48-05:00 ...

Fetching market data @ 2021-07-22T08:24:51-05:00 ...

Fetching market data @ 2021-07-22T08:24:54-05:00 ...

Fetching market data @ 2021-07-22T08:24:57-05:00 ...

Fetching market data @ 2021-07-22T08:25:00-05:00 ...

Fetching market data @ 2021-07-22T08:25:03-05:00 ...

Fetching market data @ 2021-07-22T08:25:06-05:00 ...

Fetching market data @ 2021-07-22T08:25:09-05:00 ...

Fetching market data @ 2021-07-22T08:25:12-05:00 ...

Fetching market data @ 2021-07-22T08:25:15-05:00 ...

Fetching market data @ 2021-07-22T08:25:18-05:00 ...

Fetching market data @ 2021-07-22T08:25:21-05:00 ...

Fetching market data @ 2021-07-22T08:25:24-05:00 ...

Fetching market data @ 2021-07-22T08:25:27-05:00 ...

Fetching market data @ 2021-07-22T08:25:30-05:00 ...

Fetching market data @ 2021-07-22T08:25:33-05:00 ...

Fetching market data @ 2021-07-22T08:25:36-05:00 ...

Fetching market data @ 2021-07-22T08:25:39-05:00 ...

Fetching market data @ 2021-07-22T08:25:42-05:00 ...

Fetching market data @ 2021-07-22T08:25:45-05:00 ...

Fetching market data @ 2021-07-22T08:25:48-05:00 ...

Fetching market data @ 2021-07-22T08:25:51-05:00 ...

Fetching market data @ 2021-07-22T08:25:54-05:00 ...

Fetching market data @ 2021-07-22T08:25:57-05:00 ...

Fetching market data @ 2021-07-22T08:26:00-05:00 ...

Fetching market data @ 2021-07-22T08:26:03-05:00 ...

Fetching market data @ 2021-07-22T08:26:06-05:00 ...

Fetching market data @ 2021-07-22T08:26:09-05:00 ...

Fetching market data @ 2021-07-22T08:26:12-05:00 ...

Fetching market data @ 2021-07-22T08:26:15-05:00 ...

Fetching market data @ 2021-07-22T08:26:18-05:00 ...

Fetching market data @ 2021-07-22T08:26:21-05:00 ...

Fetching market data @ 2021-07-22T08:26:24-05:00 ...

Fetching market data @ 2021-07-22T08:26:27-05:00 ...

Fetching market data @ 2021-07-22T08:26:30-05:00 ...

Fetching market data @ 2021-07-22T08:26:33-05:00 ...

Fetching market data @ 2021-07-22T08:26:36-05:00 ...

Fetching market data @ 2021-07-22T08:26:39-05:00 ...

Fetching market data @ 2021-07-22T08:26:42-05:00 ...

Fetching market data @ 2021-07-22T08:26:45-05:00 ...

Fetching market data @ 2021-07-22T08:26:48-05:00 ...

Fetching market data @ 2021-07-22T08:26:51-05:00 ...

Fetching market data @ 2021-07-22T08:26:54-05:00 ...

Fetching market data @ 2021-07-22T08:26:57-05:00 ...

Fetching market data @ 2021-07-22T08:27:00-05:00 ...

Fetching market data @ 2021-07-22T08:27:03-05:00 ...

Fetching market data @ 2021-07-22T08:27:06-05:00 ...

Fetching market data @ 2021-07-22T08:27:09-05:00 ...

Fetching market data @ 2021-07-22T08:27:12-05:00 ...

Fetching market data @ 2021-07-22T08:27:15-05:00 ...

Fetching market data @ 2021-07-22T08:27:18-05:00 ...

Fetching market data @ 2021-07-22T08:27:21-05:00 ...

Fetching market data @ 2021-07-22T08:27:24-05:00 ...

Fetching market data @ 2021-07-22T08:27:27-05:00 ...

Fetching market data @ 2021-07-22T08:27:30-05:00 ...

Fetching market data @ 2021-07-22T08:27:33-05:00 ...

Fetching market data @ 2021-07-22T08:27:37-05:00 ...

Fetching market data @ 2021-07-22T08:27:40-05:00 ...

Fetching market data @ 2021-07-22T08:27:43-05:00 ...

Fetching market data @ 2021-07-22T08:27:46-05:00 ...

Fetching market data @ 2021-07-22T08:27:49-05:00 ...

Fetching market data @ 2021-07-22T08:27:52-05:00 ...

Fetching market data @ 2021-07-22T08:27:55-05:00 ...

Fetching market data @ 2021-07-22T08:27:58-05:00 ...

Fetching market data @ 2021-07-22T08:28:01-05:00 ...

Fetching market data @ 2021-07-22T08:28:04-05:00 ...

Fetching market data @ 2021-07-22T08:28:07-05:00 ...

Fetching market data @ 2021-07-22T08:28:10-05:00 ...

Fetching market data @ 2021-07-22T08:28:13-05:00 ...

Fetching market data @ 2021-07-22T08:28:16-05:00 ...

Fetching market data @ 2021-07-22T08:28:19-05:00 ...

Fetching market data @ 2021-07-22T08:28:22-05:00 ...

Fetching market data @ 2021-07-22T08:28:25-05:00 ...

Fetching market data @ 2021-07-22T08:28:28-05:00 ...

Fetching market data @ 2021-07-22T08:28:31-05:00 ...

Fetching market data @ 2021-07-22T08:28:34-05:00 ...

Fetching market data @ 2021-07-22T08:28:37-05:00 ...

Fetching market data @ 2021-07-22T08:28:40-05:00 ...

Fetching market data @ 2021-07-22T08:28:43-05:00 ...

Fetching market data @ 2021-07-22T08:28:46-05:00 ...

Fetching market data @ 2021-07-22T08:28:49-05:00 ...

Fetching market data @ 2021-07-22T08:28:52-05:00 ...

Fetching market data @ 2021-07-22T08:28:55-05:00 ...

Fetching market data @ 2021-07-22T08:28:58-05:00 ...

Fetching market data @ 2021-07-22T08:29:01-05:00 ...

Fetching market data @ 2021-07-22T08:29:04-05:00 ...

Fetching market data @ 2021-07-22T08:29:07-05:00 ...

Fetching market data @ 2021-07-22T08:29:10-05:00 ...

Fetching market data @ 2021-07-22T08:29:13-05:00 ...

Fetching market data @ 2021-07-22T08:29:16-05:00 ...

Fetching market data @ 2021-07-22T08:29:19-05:00 ...

Fetching market data @ 2021-07-22T08:29:22-05:00 ...

Fetching market data @ 2021-07-22T08:29:25-05:00 ...

Fetching market data @ 2021-07-22T08:29:28-05:00 ...

Fetching market data @ 2021-07-22T08:29:31-05:00 ...

Fetching market data @ 2021-07-22T08:29:34-05:00 ...

Fetching market data @ 2021-07-22T08:29:37-05:00 ...

Fetching market data @ 2021-07-22T08:29:40-05:00 ...

Fetching market data @ 2021-07-22T08:29:43-05:00 ...

Fetching market data @ 2021-07-22T08:29:46-05:00 ...

Fetching market data @ 2021-07-22T08:29:49-05:00 ...

Fetching market data @ 2021-07-22T08:29:52-05:00 ...

Fetching market data @ 2021-07-22T08:29:55-05:00 ...

Fetching market data @ 2021-07-22T08:29:58-05:00 ...

Fetching market data @ 2021-07-22T08:30:01-05:00 ...

Fetching market data @ 2021-07-22T08:30:04-05:00 ...

Fetching market data @ 2021-07-22T08:30:07-05:00 ...

Fetching market data @ 2021-07-22T08:30:10-05:00 ...

Fetching market data @ 2021-07-22T08:30:13-05:00 ...

Fetching market data @ 2021-07-22T08:30:16-05:00 ...

Fetching market data @ 2021-07-22T08:30:19-05:00 ...

Fetching market data @ 2021-07-22T08:30:22-05:00 ...

Fetching market data @ 2021-07-22T08:30:25-05:00 ...

Fetching market data @ 2021-07-22T08:30:28-05:00 ...

Fetching market data @ 2021-07-22T08:30:31-05:00 ...

Fetching market data @ 2021-07-22T08:30:34-05:00 ...

Fetching market data @ 2021-07-22T08:30:37-05:00 ...

Fetching market data @ 2021-07-22T08:30:40-05:00 ...

Fetching market data @ 2021-07-22T08:30:43-05:00 ...

Fetching market data @ 2021-07-22T08:30:46-05:00 ...

Fetching market data @ 2021-07-22T08:30:49-05:00 ...

Fetching market data @ 2021-07-22T08:30:52-05:00 ...

Fetching market data @ 2021-07-22T08:30:55-05:00 ...

Fetching market data @ 2021-07-22T08:30:58-05:00 ...

Fetching market data @ 2021-07-22T08:31:01-05:00 ...

Fetching market data @ 2021-07-22T08:31:04-05:00 ...

Fetching market data @ 2021-07-22T08:31:07-05:00 ...

Fetching market data @ 2021-07-22T08:31:10-05:00 ...

Fetching market data @ 2021-07-22T08:31:13-05:00 ...

Fetching market data @ 2021-07-22T08:31:16-05:00 ...

Fetching market data @ 2021-07-22T08:31:19-05:00 ...

Fetching market data @ 2021-07-22T08:31:22-05:00 ...

Fetching market data @ 2021-07-22T08:31:25-05:00 ...

Fetching market data @ 2021-07-22T08:31:28-05:00 ...

Fetching market data @ 2021-07-22T08:31:31-05:00 ...

Fetching market data @ 2021-07-22T08:31:34-05:00 ...

Fetching market data @ 2021-07-22T08:31:37-05:00 ...

Fetching market data @ 2021-07-22T08:31:40-05:00 ...

Fetching market data @ 2021-07-22T08:31:43-05:00 ...

Fetching market data @ 2021-07-22T08:31:46-05:00 ...

Fetching market data @ 2021-07-22T08:31:49-05:00 ...

Fetching market data @ 2021-07-22T08:31:52-05:00 ...

Fetching market data @ 2021-07-22T08:31:55-05:00 ...

Fetching market data @ 2021-07-22T08:31:58-05:00 ...

Fetching market data @ 2021-07-22T08:32:01-05:00 ...

Fetching market data @ 2021-07-22T08:32:04-05:00 ...

Fetching market data @ 2021-07-22T08:32:07-05:00 ...

Fetching market data @ 2021-07-22T08:32:10-05:00 ...

Fetching market data @ 2021-07-22T08:32:13-05:00 ...

Fetching market data @ 2021-07-22T08:32:16-05:00 ...

Fetching market data @ 2021-07-22T08:32:19-05:00 ...

Fetching market data @ 2021-07-22T08:32:22-05:00 ...

Fetching market data @ 2021-07-22T08:32:25-05:00 ...

Fetching market data @ 2021-07-22T08:32:28-05:00 ...

Fetching market data @ 2021-07-22T08:32:31-05:00 ...

Fetching market data @ 2021-07-22T08:32:34-05:00 ...

Fetching market data @ 2021-07-22T08:32:37-05:00 ...

Fetching market data @ 2021-07-22T08:32:40-05:00 ...

Fetching market data @ 2021-07-22T08:32:43-05:00 ...

Fetching market data @ 2021-07-22T08:32:46-05:00 ...

Fetching market data @ 2021-07-22T08:32:49-05:00 ...

Fetching market data @ 2021-07-22T08:32:52-05:00 ...

Fetching market data @ 2021-07-22T08:32:55-05:00 ...

Fetching market data @ 2021-07-22T08:32:58-05:00 ...

Fetching market data @ 2021-07-22T08:33:01-05:00 ...

Fetching market data @ 2021-07-22T08:33:04-05:00 ...

Fetching market data @ 2021-07-22T08:33:07-05:00 ...

Fetching market data @ 2021-07-22T08:33:10-05:00 ...

Fetching market data @ 2021-07-22T08:33:13-05:00 ...

Fetching market data @ 2021-07-22T08:33:16-05:00 ...

Fetching market data @ 2021-07-22T08:33:19-05:00 ...

Fetching market data @ 2021-07-22T08:33:22-05:00 ...

Fetching market data @ 2021-07-22T08:33:25-05:00 ...

Fetching market data @ 2021-07-22T08:33:28-05:00 ...

Fetching market data @ 2021-07-22T08:33:31-05:00 ...

Fetching market data @ 2021-07-22T08:33:34-05:00 ...

Fetching market data @ 2021-07-22T08:33:37-05:00 ...

Fetching market data @ 2021-07-22T08:33:41-05:00 ...

Fetching market data @ 2021-07-22T08:33:44-05:00 ...

Fetching market data @ 2021-07-22T08:33:47-05:00 ...

Fetching market data @ 2021-07-22T08:33:50-05:00 ...

Fetching market data @ 2021-07-22T08:33:53-05:00 ...

Fetching market data @ 2021-07-22T08:33:56-05:00 ...

Fetching market data @ 2021-07-22T08:33:59-05:00 ...

Fetching market data @ 2021-07-22T08:34:02-05:00 ...

Fetching market data @ 2021-07-22T08:34:05-05:00 ...

Fetching market data @ 2021-07-22T08:34:08-05:00 ...

Fetching market data @ 2021-07-22T08:34:11-05:00 ...

Fetching market data @ 2021-07-22T08:34:14-05:00 ...

Fetching market data @ 2021-07-22T08:34:17-05:00 ...

Fetching market data @ 2021-07-22T08:34:20-05:00 ...

Fetching market data @ 2021-07-22T08:34:23-05:00 ...

Fetching market data @ 2021-07-22T08:34:26-05:00 ...

Fetching market data @ 2021-07-22T08:34:29-05:00 ...

Fetching market data @ 2021-07-22T08:34:32-05:00 ...

Fetching market data @ 2021-07-22T08:34:35-05:00 ...

Fetching market data @ 2021-07-22T08:34:38-05:00 ...

Fetching market data @ 2021-07-22T08:34:41-05:00 ...

Fetching market data @ 2021-07-22T08:34:44-05:00 ...

Fetching market data @ 2021-07-22T08:34:47-05:00 ...

Fetching market data @ 2021-07-22T08:34:50-05:00 ...

Fetching market data @ 2021-07-22T08:34:53-05:00 ...

Fetching market data @ 2021-07-22T08:34:56-05:00 ...

Fetching market data @ 2021-07-22T08:34:59-05:00 ...

Fetching market data @ 2021-07-22T08:35:02-05:00 ...

Fetching market data @ 2021-07-22T08:35:05-05:00 ...

Fetching market data @ 2021-07-22T08:35:08-05:00 ...

Fetching market data @ 2021-07-22T08:35:11-05:00 ...

Fetching market data @ 2021-07-22T08:35:14-05:00 ...

Fetching market data @ 2021-07-22T08:35:17-05:00 ...

Fetching market data @ 2021-07-22T08:35:20-05:00 ...

Fetching market data @ 2021-07-22T08:35:23-05:00 ...

Fetching market data @ 2021-07-22T08:35:26-05:00 ...

Fetching market data @ 2021-07-22T08:35:29-05:00 ...

Fetching market data @ 2021-07-22T08:35:32-05:00 ...

Fetching market data @ 2021-07-22T08:35:35-05:00 ...

Fetching market data @ 2021-07-22T08:35:38-05:00 ...

Fetching market data @ 2021-07-22T08:35:41-05:00 ...

Fetching market data @ 2021-07-22T08:35:44-05:00 ...

Fetching market data @ 2021-07-22T08:35:47-05:00 ...

Fetching market data @ 2021-07-22T08:35:50-05:00 ...

Fetching market data @ 2021-07-22T08:35:53-05:00 ...

Fetching market data @ 2021-07-22T08:35:56-05:00 ...

Fetching market data @ 2021-07-22T08:35:59-05:00 ...

Fetching market data @ 2021-07-22T08:36:02-05:00 ...

Fetching market data @ 2021-07-22T08:36:05-05:00 ...

Fetching market data @ 2021-07-22T08:36:08-05:00 ...

Fetching market data @ 2021-07-22T08:36:11-05:00 ...

Fetching market data @ 2021-07-22T08:36:14-05:00 ...

Fetching market data @ 2021-07-22T08:36:17-05:00 ...

Fetching market data @ 2021-07-22T08:36:20-05:00 ...

Fetching market data @ 2021-07-22T08:36:23-05:00 ...

Fetching market data @ 2021-07-22T08:36:26-05:00 ...

Fetching market data @ 2021-07-22T08:36:29-05:00 ...

Fetching market data @ 2021-07-22T08:36:32-05:00 ...

Fetching market data @ 2021-07-22T08:36:35-05:00 ...

Fetching market data @ 2021-07-22T08:36:38-05:00 ...

Fetching market data @ 2021-07-22T08:36:41-05:00 ...

Fetching market data @ 2021-07-22T08:36:44-05:00 ...

Fetching market data @ 2021-07-22T08:36:47-05:00 ...

Fetching market data @ 2021-07-22T08:36:50-05:00 ...

Fetching market data @ 2021-07-22T08:36:53-05:00 ...

Fetching market data @ 2021-07-22T08:36:56-05:00 ...

Fetching market data @ 2021-07-22T08:36:59-05:00 ...

Fetching market data @ 2021-07-22T08:37:02-05:00 ...

Fetching market data @ 2021-07-22T08:37:05-05:00 ...

Fetching market data @ 2021-07-22T08:37:08-05:00 ...

Fetching market data @ 2021-07-22T08:37:11-05:00 ...

Fetching market data @ 2021-07-22T08:37:14-05:00 ...

Fetching market data @ 2021-07-22T08:37:17-05:00 ...

Fetching market data @ 2021-07-22T08:37:20-05:00 ...

Fetching market data @ 2021-07-22T08:37:23-05:00 ...

Fetching market data @ 2021-07-22T08:37:26-05:00 ...

Fetching market data @ 2021-07-22T08:37:29-05:00 ...

Fetching market data @ 2021-07-22T08:37:32-05:00 ...

Fetching market data @ 2021-07-22T08:37:35-05:00 ...

Fetching market data @ 2021-07-22T08:37:38-05:00 ...

Fetching market data @ 2021-07-22T08:37:41-05:00 ...

Fetching market data @ 2021-07-22T08:37:44-05:00 ...

Fetching market data @ 2021-07-22T08:37:47-05:00 ...

Fetching market data @ 2021-07-22T08:37:50-05:00 ...

Fetching market data @ 2021-07-22T08:37:53-05:00 ...

Fetching market data @ 2021-07-22T08:37:56-05:00 ...

Fetching market data @ 2021-07-22T08:37:59-05:00 ...

Fetching market data @ 2021-07-22T08:38:02-05:00 ...

Fetching market data @ 2021-07-22T08:38:05-05:00 ...

Fetching market data @ 2021-07-22T08:38:08-05:00 ...

Fetching market data @ 2021-07-22T08:38:11-05:00 ...

Fetching market data @ 2021-07-22T08:38:14-05:00 ...

Fetching market data @ 2021-07-22T08:38:17-05:00 ...

Fetching market data @ 2021-07-22T08:38:20-05:00 ...

Fetching market data @ 2021-07-22T08:38:23-05:00 ...

Fetching market data @ 2021-07-22T08:38:26-05:00 ...

Fetching market data @ 2021-07-22T08:38:29-05:00 ...

Fetching market data @ 2021-07-22T08:38:32-05:00 ...

Fetching market data @ 2021-07-22T08:38:35-05:00 ...

Fetching market data @ 2021-07-22T08:38:38-05:00 ...

Fetching market data @ 2021-07-22T08:38:41-05:00 ...

Fetching market data @ 2021-07-22T08:38:44-05:00 ...

Fetching market data @ 2021-07-22T08:38:47-05:00 ...

Fetching market data @ 2021-07-22T08:38:50-05:00 ...

Fetching market data @ 2021-07-22T08:38:53-05:00 ...

Fetching market data @ 2021-07-22T08:38:56-05:00 ...

Fetching market data @ 2021-07-22T08:38:59-05:00 ...

Fetching market data @ 2021-07-22T08:39:02-05:00 ...

Fetching market data @ 2021-07-22T08:39:05-05:00 ...

Fetching market data @ 2021-07-22T08:39:08-05:00 ...

Fetching market data @ 2021-07-22T08:39:11-05:00 ...

Fetching market data @ 2021-07-22T08:39:14-05:00 ...

Fetching market data @ 2021-07-22T08:39:17-05:00 ...

Fetching market data @ 2021-07-22T08:39:20-05:00 ...

Fetching market data @ 2021-07-22T08:39:23-05:00 ...

Fetching market data @ 2021-07-22T08:39:26-05:00 ...

Fetching market data @ 2021-07-22T08:39:29-05:00 ...

Fetching market data @ 2021-07-22T08:39:32-05:00 ...

Fetching market data @ 2021-07-22T08:39:35-05:00 ...

Fetching market data @ 2021-07-22T08:39:38-05:00 ...

Fetching market data @ 2021-07-22T08:39:41-05:00 ...

Fetching market data @ 2021-07-22T08:39:44-05:00 ...

Fetching market data @ 2021-07-22T08:39:47-05:00 ...

Fetching market data @ 2021-07-22T08:39:50-05:00 ...

Fetching market data @ 2021-07-22T08:39:53-05:00 ...

Fetching market data @ 2021-07-22T08:39:56-05:00 ...

Fetching market data @ 2021-07-22T08:39:59-05:00 ...

Fetching market data @ 2021-07-22T08:40:02-05:00 ...

Fetching market data @ 2021-07-22T08:40:06-05:00 ...

Fetching market data @ 2021-07-22T08:40:09-05:00 ...

Fetching market data @ 2021-07-22T08:40:12-05:00 ...

Fetching market data @ 2021-07-22T08:40:15-05:00 ...

Fetching market data @ 2021-07-22T08:40:18-05:00 ...

Fetching market data @ 2021-07-22T08:40:21-05:00 ...

Fetching market data @ 2021-07-22T08:40:24-05:00 ...

Fetching market data @ 2021-07-22T08:40:27-05:00 ...

Fetching market data @ 2021-07-22T08:40:30-05:00 ...

Fetching market data @ 2021-07-22T08:40:33-05:00 ...

Fetching market data @ 2021-07-22T08:40:36-05:00 ...

Fetching market data @ 2021-07-22T08:40:39-05:00 ...

Fetching market data @ 2021-07-22T08:40:42-05:00 ...

Fetching market data @ 2021-07-22T08:40:45-05:00 ...

Fetching market data @ 2021-07-22T08:40:48-05:00 ...

Fetching market data @ 2021-07-22T08:40:51-05:00 ...

Fetching market data @ 2021-07-22T08:40:54-05:00 ...

Fetching market data @ 2021-07-22T08:40:57-05:00 ...

Fetching market data @ 2021-07-22T08:41:00-05:00 ...

Fetching market data @ 2021-07-22T08:41:03-05:00 ...

Fetching market data @ 2021-07-22T08:41:06-05:00 ...

Fetching market data @ 2021-07-22T08:41:09-05:00 ...

Fetching market data @ 2021-07-22T08:41:12-05:00 ...

Fetching market data @ 2021-07-22T08:41:15-05:00 ...

Fetching market data @ 2021-07-22T08:41:18-05:00 ...

Fetching market data @ 2021-07-22T08:41:21-05:00 ...

Fetching market data @ 2021-07-22T08:41:24-05:00 ...

Fetching market data @ 2021-07-22T08:41:27-05:00 ...

{
	"signature":"0x1b532a5346b8b365780cbe1084406f8cc8ab44498e20b39f851475447d98b88d7f455c7c5f4ece5b5c7bd7cf09f54b174daed66c61ffbe94f494945cb64ab624da03",
	"senderAddress":"0x0000000000000000000000000000000000000000",
	"makerAddress":"0x13bb0ae230504a389989fd00df6dae9e2a873d5e",
	"takerAddress":"0x0000000000000000000000000000000000000000",
	"makerFee":"0",
	"takerFee":"0",
	"makerAssetAmount":"15934591469937206",
	"takerAssetAmount":"31683478833003318777",
	"makerAssetData":"0xf47261b0000000000000000000000000c02aaa39b223fe8d0a0e5c4f27ead9083c756cc2",
	"takerAssetData":"0xf47261b00000000000000000000000006b175474e89094c44da98b954eedeac495271d0f",
	"salt":"1626961287487",
	"exchangeAddress":"0x61935cbdd02287b511119ddb11aeb42f1593b7ef",
	"feeRecipientAddress":"0x0000000000000000000000000000000000000000",
	"expirationTimeSeconds":"1626961317",
	"makerFeeAssetData":"0x",
	"chainId":1,
	"takerFeeAssetData":"0x"
}

 (index)  Profitable?    Asset Order     Exchange Order           Input                     Output                    Profit                    Timestamp          

    0        true      'DAI, WETH, DAI'  'ZRX, 1Split'   '31.683478833003318777 '  '31.781616743447881517 '  '0.015637910444560384  '  '2021-07-22T08:41:28-05:00' 


Error: Returned error: insufficient funds for gas * price + value
